<?xml version="1.0" encoding="UTF-8"?>
<testsuite xmlns:xsi="http://www.w3.org/2001/XMLSchema-instance" xsi:noNamespaceSchemaLocation="https://maven.apache.org/surefire/maven-surefire-plugin/xsd/surefire-test-report.xsd" version="3.0.2" name="com.ventalen.controller.CategoriaControllerTest" time="15.767" tests="8" errors="0" skipped="0" failures="0">
  <properties>
[...]
</properties>
  <testcase name="test_noSePuedeGuardarUnaCategoriaExistente" classname="com.ventalen.controller.CategoriaControllerTest" time="0.846">
    <system-out><![CDATA[17:09:19.753 [main] INFO org.springframework.test.context.support.AnnotationConfigContextLoaderUtils -- Could not detect default configuration classes for test class [com.ventalen.controller.CategoriaControllerTest]: CategoriaControllerTest does not declare any static, non-private, non-final, nested classes annotated with @Configuration.
17:09:20.695 [main] INFO org.springframework.boot.test.context.SpringBootTestContextBootstrapper -- Found @SpringBootConfiguration com.ventalen.VentalenApplication for test class com.ventalen.controller.CategoriaControllerTest
17:09:21.263 [main] INFO org.springframework.boot.devtools.restart.RestartApplicationListener -- Restart disabled due to context in which it is running

  .   ____          _            __ _ _
 /\\ / ___'_ __ _ _(_)_ __  __ _ \ \ \ \
( ( )\___ | '_ | '_| | '_ \/ _` | \ \ \ \
 \\/  ___)| |_)| | | | | || (_| |  ) ) ) )
  '  |____| .__|_| |_|_| |_\__, | / / / /
 =========|_|==============|___/=/_/_/_/

 :: Spring Boot ::                (v4.0.2)

2026-07-04T17:09:23.217-03:00  INFO 11040 --- [ventalen] [           main] c.v.controller.CategoriaControllerTest   : Starting CategoriaControllerTest using Java 21.0.11 with PID 11040 (started by fido in /home/fido/Documentos/ProyectosPersonales/ventalen)
2026-07-04T17:09:23.223-03:00  INFO 11040 --- [ventalen] [           main] c.v.controller.CategoriaControllerTest   : No active profile set, falling back to 1 default profile: "default"
2026-07-04T17:09:32.166-03:00  WARN 11040 --- [ventalen] [           main] .s.a.UserDetailsServiceAutoConfiguration : 

Using generated security password: 569eaf34-be37-462d-80eb-1b9d03ce664d

This generated password is for development use only. Your security configuration must be updated before running your application in production.

2026-07-04T17:09:32.294-03:00  INFO 11040 --- [ventalen] [           main] r$InitializeUserDetailsManagerConfigurer : Global AuthenticationManager configured with UserDetailsService bean with name inMemoryUserDetailsManager
2026-07-04T17:09:32.831-03:00  INFO 11040 --- [ventalen] [           main] o.s.b.t.m.w.SpringBootMockServletContext : Initializing Spring TestDispatcherServlet ''
2026-07-04T17:09:32.832-03:00  INFO 11040 --- [ventalen] [           main] o.s.t.web.servlet.TestDispatcherServlet  : Initializing Servlet ''
2026-07-04T17:09:32.837-03:00  INFO 11040 --- [ventalen] [           main] o.s.t.web.servlet.TestDispatcherServlet  : Completed initialization in 5 ms
2026-07-04T17:09:33.010-03:00  INFO 11040 --- [ventalen] [           main] c.v.controller.CategoriaControllerTest   : Started CategoriaControllerTest in 11.78 seconds (process running for 16.787)
]]></system-out>
    <system-err><![CDATA[Mockito is currently self-attaching to enable the inline-mock-maker. This will no longer work in future releases of the JDK. Please add Mockito as an agent to your build as described in Mockito's documentation: https://javadoc.io/doc/org.mockito/mockito-core/latest/org.mockito/org/mockito/Mockito.html#0.3
WARNING: A Java agent has been loaded dynamically (/home/fido/.m2/repository/net/bytebuddy/byte-buddy-agent/1.17.8/byte-buddy-agent-1.17.8.jar)
WARNING: If a serviceability tool is in use, please run with -XX:+EnableDynamicAgentLoading to hide this warning
WARNING: If a serviceability tool is not in use, please run with -Djdk.instrument.traceUsage for more information
WARNING: Dynamic loading of agents will be disallowed by default in a future release
]]></system-err>
  </testcase>
  <testcase name="test_obtenerTodasLasCategorias" classname="com.ventalen.controller.CategoriaControllerTest" time="0.057"/>
  <testcase name="test_crearUnaCategoria" classname="com.ventalen.controller.CategoriaControllerTest" time="0.057"/>
  <testcase name="test_noSePuedeBorrarUnaCategoriaInexistente" classname="com.ventalen.controller.CategoriaControllerTest" time="0.049"/>
  <testcase name="test_alBuscarUnIdInexistenteSeObtieneUnError" classname="com.ventalen.controller.CategoriaControllerTest" time="0.036"/>
  <testcase name="test_noSePuedeCrearUnaCategoriaConNombreNullOVacio" classname="com.ventalen.controller.CategoriaControllerTest" time="0.052"/>
  <testcase name="test_borrarUnaCategoria" classname="com.ventalen.controller.CategoriaControllerTest" time="0.028"/>
  <testcase name="test_sePuedeObtenerUnaCategoriaPorId" classname="com.ventalen.controller.CategoriaControllerTest" time="0.027"/>
</testsuite>