<?xml version="1.0" encoding="UTF-8"?>
<testsuite xmlns:xsi="http://www.w3.org/2001/XMLSchema-instance" xsi:noNamespaceSchemaLocation="https://maven.apache.org/surefire/maven-surefire-plugin/xsd/surefire-test-report.xsd" version="3.0.2" name="com.ventalen.repository.CategoriaRepositoryTest" time="85.504" tests="7" errors="0" skipped="0" failures="0">
  <properties>
[...]
</properties>
  <testcase name="test07_sePuedenObtenerTodasLasCategorias" classname="com.ventalen.repository.CategoriaRepositoryTest" time="2.107">
    <system-out><![CDATA[14:16:24.011 [main] INFO org.springframework.test.context.support.AnnotationConfigContextLoaderUtils -- Could not detect default configuration classes for test class [com.ventalen.repository.CategoriaRepositoryTest]: CategoriaRepositoryTest does not declare any static, non-private, non-final, nested classes annotated with @Configuration.
14:16:25.357 [main] INFO org.springframework.boot.test.context.SpringBootTestContextBootstrapper -- Found @SpringBootConfiguration com.ventalen.VentalenApplication for test class com.ventalen.repository.CategoriaRepositoryTest
14:16:26.278 [main] INFO org.testcontainers.images.PullPolicy -- Image pull policy will be performed by: DefaultPullPolicy()
14:16:26.291 [main] INFO org.testcontainers.utility.ImageNameSubstitutor -- Image name substitution will be performed by: DefaultImageNameSubstitutor (composite of 'ConfigurationFileImageNameSubstitutor' and 'PrefixingImageNameSubstitutor')
14:16:26.431 [main] INFO org.testcontainers.DockerClientFactory -- Testcontainers version: 2.0.3
14:16:27.660 [main] INFO org.testcontainers.dockerclient.DockerClientProviderStrategy -- Loaded org.testcontainers.dockerclient.UnixSocketClientProviderStrategy from ~/.testcontainers.properties, will try it first
14:16:31.318 [main] INFO org.testcontainers.dockerclient.DockerClientProviderStrategy -- Found Docker environment with local Unix socket (unix:///var/run/docker.sock)
14:16:31.321 [main] INFO org.testcontainers.DockerClientFactory -- Docker host IP address is localhost
14:16:31.373 [main] INFO org.testcontainers.DockerClientFactory -- Connected to docker: 
  Server Version: 29.6.1
  API Version: 1.55
  Operating System: Debian GNU/Linux 13 (trixie)
  Total Memory: 7891 MB
14:16:33.422 [main] INFO tc.testcontainers/ryuk:0.13.0 -- Creating container for image: testcontainers/ryuk:0.13.0
14:16:33.469 [main] INFO org.testcontainers.utility.RegistryAuthLocator -- Failure when attempting to lookup auth config. Please ignore if you don't have images in an authenticated registry. Details: (dockerImageName: testcontainers/ryuk:0.13.0, configFile: /home/fido/.docker/config.json, configEnv: DOCKER_AUTH_CONFIG). Falling back to docker-java default behaviour. Exception message: Status 404: No config supplied. Checked in order: /home/fido/.docker/config.json (file not found), DOCKER_AUTH_CONFIG (not set)
14:16:35.533 [main] INFO tc.testcontainers/ryuk:0.13.0 -- Container testcontainers/ryuk:0.13.0 is starting: cf8ba59e04c773275671b711372c36448577d3c3c6a483511f52c826b3b0a541
14:16:38.378 [main] INFO tc.testcontainers/ryuk:0.13.0 -- Container testcontainers/ryuk:0.13.0 started in PT4.955939342S
14:16:38.422 [main] INFO org.testcontainers.utility.RyukResourceReaper -- Ryuk started - will monitor and terminate Testcontainers containers on JVM exit
14:16:38.423 [main] INFO org.testcontainers.DockerClientFactory -- Checking the system...
14:16:38.424 [main] INFO org.testcontainers.DockerClientFactory -- ✔︎ Docker server version should be at least 1.6.0
14:16:38.425 [main] INFO tc.postgres:16 -- Creating container for image: postgres:16
14:16:42.373 [main] INFO tc.postgres:16 -- Container postgres:16 is starting: d18feca59751b6029a83d503900ebf9e0256b2096d3b994d41b5fb1a779df183
14:17:09.798 [main] INFO tc.postgres:16 -- Container postgres:16 started in PT31.373577876S
14:17:09.800 [main] INFO tc.postgres:16 -- Container is started (JDBC URL: jdbc:postgresql://localhost:32799/test?loggerLevel=OFF)
14:17:10.364 [main] INFO org.springframework.boot.devtools.restart.RestartApplicationListener -- Restart disabled due to context in which it is running

  .   ____          _            __ _ _
 /\\ / ___'_ __ _ _(_)_ __  __ _ \ \ \ \
( ( )\___ | '_ | '_| | '_ \/ _` | \ \ \ \
 \\/  ___)| |_)| | | | | || (_| |  ) ) ) )
  '  |____| .__|_| |_|_| |_\__, | / / / /
 =========|_|==============|___/=/_/_/_/

 :: Spring Boot ::                (v4.0.2)

2026-07-02T14:17:15.207-03:00  INFO 92285 --- [ventalen] [           main] c.v.repository.CategoriaRepositoryTest   : Starting CategoriaRepositoryTest using Java 21.0.11 with PID 92285 (started by fido in /home/fido/Documentos/ProyectosPersonales/ventalen)
2026-07-02T14:17:15.222-03:00  INFO 92285 --- [ventalen] [           main] c.v.repository.CategoriaRepositoryTest   : The following 1 profile is active: "test"
2026-07-02T14:17:21.333-03:00  INFO 92285 --- [ventalen] [           main] .s.d.r.c.RepositoryConfigurationDelegate : Bootstrapping Spring Data JPA repositories in DEFAULT mode.
2026-07-02T14:17:22.060-03:00  INFO 92285 --- [ventalen] [           main] .s.d.r.c.RepositoryConfigurationDelegate : Finished Spring Data repository scanning in 624 ms. Found 12 JPA repository interfaces.
2026-07-02T14:17:24.221-03:00  INFO 92285 --- [ventalen] [           main] org.hibernate.orm.jpa                    : HHH008540: Processing PersistenceUnitInfo [name: default]
2026-07-02T14:17:24.585-03:00  INFO 92285 --- [ventalen] [           main] org.hibernate.orm.core                   : HHH000001: Hibernate ORM core version 7.2.1.Final
2026-07-02T14:17:26.818-03:00  INFO 92285 --- [ventalen] [           main] o.s.o.j.p.SpringPersistenceUnitInfo      : No LoadTimeWeaver setup: ignoring JPA class transformer
2026-07-02T14:17:28.163-03:00  INFO 92285 --- [ventalen] [           main] com.zaxxer.hikari.HikariDataSource       : HikariPool-1 - Starting...
2026-07-02T14:17:30.762-03:00  INFO 92285 --- [ventalen] [           main] com.zaxxer.hikari.pool.HikariPool        : HikariPool-1 - Added connection org.postgresql.jdbc.PgConnection@1b5623b4
2026-07-02T14:17:30.764-03:00  INFO 92285 --- [ventalen] [           main] com.zaxxer.hikari.HikariDataSource       : HikariPool-1 - Start completed.
2026-07-02T14:17:31.126-03:00  WARN 92285 --- [ventalen] [           main] org.hibernate.orm.deprecation            : HHH90000025: PostgreSQLDialect does not need to be specified explicitly using 'hibernate.dialect' (remove the property setting and it will be selected by default)
2026-07-02T14:17:31.233-03:00  INFO 92285 --- [ventalen] [           main] org.hibernate.orm.connections.pooling    : HHH10001005: Database info:
	Database JDBC URL [jdbc:postgresql://localhost:32799/test?loggerLevel=OFF]
	Database driver: PostgreSQL JDBC Driver
	Database dialect: PostgreSQLDialect
	Database version: 16.11
	Default catalog/schema: test/public
	Autocommit mode: undefined/unknown
	Isolation level: READ_COMMITTED [default READ_COMMITTED]
	JDBC fetch size: none
	Pool: DataSourceConnectionProvider
	Minimum pool size: undefined/unknown
	Maximum pool size: undefined/unknown
2026-07-02T14:17:41.005-03:00  INFO 92285 --- [ventalen] [           main] org.hibernate.orm.core                   : HHH000489: No JTA platform available (set 'hibernate.transaction.jta.platform' to enable JTA platform integration)
Hibernate: set client_min_messages = WARNING
Hibernate: alter table if exists ajuste_stock drop constraint if exists FKlcx6o0ttxpduteya2sqggnghx
Hibernate: alter table if exists ajuste_stock drop constraint if exists FKkgfbfwn1dgb40tp0i7qp3mebt
Hibernate: alter table if exists ajuste_stock drop constraint if exists FKs9ookgwide1gamkve449kni4w
Hibernate: alter table if exists ajuste_stock drop constraint if exists FKb895f4dkadyclab22q3c4tlfy
Hibernate: alter table if exists detalle_ingreso drop constraint if exists FKpp39i9m7n75t28ave1pj6k7e7
Hibernate: alter table if exists detalle_ingreso drop constraint if exists FKlumqgko8y716k3xnhy267bpxp
Hibernate: alter table if exists detalle_ingreso drop constraint if exists FK1q9rru3g6vis7dshk58m6m7co
Hibernate: alter table if exists detalle_venta drop constraint if exists FKsntaik0t9jxcky777753wytsx
Hibernate: alter table if exists detalle_venta drop constraint if exists FKmm5ui411j1x3xbdkm1xm7gofb
Hibernate: alter table if exists detalle_venta drop constraint if exists FKoknpg31rxsqnjxrsu7iy47p1o
Hibernate: alter table if exists ingreso drop constraint if exists FK5brqbhkb4ycydxktk9679urnp
Hibernate: alter table if exists ingreso drop constraint if exists FK523ha1122j3b48jdksuq9lwfx
Hibernate: alter table if exists producto drop constraint if exists FK9nyueixdsgbycfhf7allg8su
Hibernate: alter table if exists stock drop constraint if exists FKs1u71taonldej7k23kmun1k8y
Hibernate: alter table if exists venta drop constraint if exists FKetw2rr5vl4u2h3glhby7vsllk
Hibernate: drop table if exists ajuste_stock cascade
Hibernate: drop table if exists categoria cascade
Hibernate: drop table if exists cliente cascade
Hibernate: drop table if exists detalle_ingreso cascade
Hibernate: drop table if exists detalle_venta cascade
Hibernate: drop table if exists ingreso cascade
Hibernate: drop table if exists motivo cascade
Hibernate: drop table if exists producto cascade
Hibernate: drop table if exists proveedor cascade
Hibernate: drop table if exists stock cascade
Hibernate: drop table if exists usuarios cascade
Hibernate: drop table if exists venta cascade
Hibernate: create table ajuste_stock (cantidad integer not null, fecha date not null, id bigint generated by default as identity, id_motivo bigint not null, id_producto bigint not null, id_stock bigint, id_usuario bigint not null, detalles varchar(255), primary key (id))
Hibernate: create table categoria (id bigint generated by default as identity, categoria varchar(255) not null unique, primary key (id))
Hibernate: create table cliente (activo boolean not null, id bigint generated by default as identity, nyap varchar(255) not null, telefono varchar(255), primary key (id))
Hibernate: create table detalle_ingreso (cantidad integer not null, precio_mayorista numeric(38,2) not null, id bigint generated by default as identity, id_ingreso bigint not null, id_producto bigint not null, id_stock bigint, primary key (id))
Hibernate: create table detalle_venta (cantidad integer not null, precio_venta numeric(38,2) not null, id bigint generated by default as identity, id_producto bigint not null, id_stock bigint, id_venta bigint not null, primary key (id))
Hibernate: create table ingreso (fecha date not null, id bigint generated by default as identity, id_proveedor bigint not null, id_usuario bigint not null, primary key (id))
Hibernate: create table motivo (afecta_positivo boolean not null, id bigint generated by default as identity, motivo varchar(255) not null, primary key (id))
Hibernate: create table producto (precio numeric(38,2), id bigint generated by default as identity, id_categoria bigint not null, nombre varchar(255) not null unique, primary key (id))
Hibernate: create table proveedor (activo boolean not null, id bigint generated by default as identity, corredor varchar(255), proveedor varchar(255) not null, telefono varchar(255), primary key (id))
Hibernate: create table stock (cantidad integer not null, id bigint generated by default as identity, id_producto bigint not null unique, primary key (id))
Hibernate: create table usuarios (id bigint generated by default as identity, password varchar(255) not null, rol varchar(255) not null check ((rol in ('ADMIN','USER'))), username varchar(255) not null unique, primary key (id))
Hibernate: create table venta (fecha date not null, pagado boolean not null, id bigint generated by default as identity, id_usuario bigint not null, primary key (id))
Hibernate: alter table if exists ajuste_stock add constraint FKlcx6o0ttxpduteya2sqggnghx foreign key (id_motivo) references motivo
Hibernate: alter table if exists ajuste_stock add constraint FKkgfbfwn1dgb40tp0i7qp3mebt foreign key (id_producto) references producto
Hibernate: alter table if exists ajuste_stock add constraint FKs9ookgwide1gamkve449kni4w foreign key (id_stock) references stock
Hibernate: alter table if exists ajuste_stock add constraint FKb895f4dkadyclab22q3c4tlfy foreign key (id_usuario) references usuarios
Hibernate: alter table if exists detalle_ingreso add constraint FKpp39i9m7n75t28ave1pj6k7e7 foreign key (id_ingreso) references ingreso
Hibernate: alter table if exists detalle_ingreso add constraint FKlumqgko8y716k3xnhy267bpxp foreign key (id_producto) references producto
Hibernate: alter table if exists detalle_ingreso add constraint FK1q9rru3g6vis7dshk58m6m7co foreign key (id_stock) references stock
Hibernate: alter table if exists detalle_venta add constraint FKsntaik0t9jxcky777753wytsx foreign key (id_producto) references producto
Hibernate: alter table if exists detalle_venta add constraint FKmm5ui411j1x3xbdkm1xm7gofb foreign key (id_stock) references stock
Hibernate: alter table if exists detalle_venta add constraint FKoknpg31rxsqnjxrsu7iy47p1o foreign key (id_venta) references venta
Hibernate: alter table if exists ingreso add constraint FK5brqbhkb4ycydxktk9679urnp foreign key (id_proveedor) references proveedor
Hibernate: alter table if exists ingreso add constraint FK523ha1122j3b48jdksuq9lwfx foreign key (id_usuario) references usuarios
Hibernate: alter table if exists producto add constraint FK9nyueixdsgbycfhf7allg8su foreign key (id_categoria) references categoria
Hibernate: alter table if exists stock add constraint FKs1u71taonldej7k23kmun1k8y foreign key (id_producto) references producto
Hibernate: alter table if exists venta add constraint FKetw2rr5vl4u2h3glhby7vsllk foreign key (id_usuario) references usuarios
2026-07-02T14:17:41.196-03:00  INFO 92285 --- [ventalen] [           main] j.LocalContainerEntityManagerFactoryBean : Initialized JPA EntityManagerFactory for persistence unit 'default'
2026-07-02T14:17:41.699-03:00  INFO 92285 --- [ventalen] [           main] o.s.d.j.r.query.QueryEnhancerFactories   : Hibernate is in classpath; If applicable, HQL parser will be used.
2026-07-02T14:17:45.422-03:00  INFO 92285 --- [ventalen] [           main] c.v.repository.CategoriaRepositoryTest   : Started CategoriaRepositoryTest in 35.195 seconds (process running for 88.826)
Hibernate: insert into categoria (categoria) values (?)
Hibernate: insert into categoria (categoria) values (?)
Hibernate: select c1_0.id,c1_0.categoria from categoria c1_0
]]></system-out>
    <system-err><![CDATA[Mockito is currently self-attaching to enable the inline-mock-maker. This will no longer work in future releases of the JDK. Please add Mockito as an agent to your build as described in Mockito's documentation: https://javadoc.io/doc/org.mockito/mockito-core/latest/org.mockito/org/mockito/Mockito.html#0.3
WARNING: A Java agent has been loaded dynamically (/home/fido/.m2/repository/net/bytebuddy/byte-buddy-agent/1.17.8/byte-buddy-agent-1.17.8.jar)
WARNING: If a serviceability tool is in use, please run with -XX:+EnableDynamicAgentLoading to hide this warning
WARNING: If a serviceability tool is not in use, please run with -Djdk.instrument.traceUsage for more information
WARNING: Dynamic loading of agents will be disallowed by default in a future release
]]></system-err>
  </testcase>
  <testcase name="test06_noSePuedeGuardarUnaCategoriaConNombreNuloOVacio" classname="com.ventalen.repository.CategoriaRepositoryTest" time="0.02"/>
  <testcase name="test05_noPuedenExistirDosCategoriasConElMismoNombre" classname="com.ventalen.repository.CategoriaRepositoryTest" time="0.053">
    <system-out><![CDATA[Hibernate: insert into categoria (categoria) values (?)
Hibernate: insert into categoria (categoria) values (?)
2026-07-02T14:17:47.608-03:00  WARN 92285 --- [ventalen] [           main] org.hibernate.orm.jdbc.error             : HHH000247: ErrorCode: 0, SQLState: 23505
2026-07-02T14:17:47.608-03:00  WARN 92285 --- [ventalen] [           main] org.hibernate.orm.jdbc.error             : ERROR: duplicate key value violates unique constraint "categoria_categoria_key"
  Detail: Key (categoria)=(prueba) already exists.
]]></system-out>
  </testcase>
  <testcase name="test04_sePuedeBuscarUnaCategoriaPorNombreYObtenerSuId" classname="com.ventalen.repository.CategoriaRepositoryTest" time="0.135">
    <system-out><![CDATA[Hibernate: insert into categoria (categoria) values (?)
Hibernate: select c1_0.id,c1_0.categoria from categoria c1_0 where upper(c1_0.categoria)=upper(?)
]]></system-out>
  </testcase>
  <testcase name="test03_sePuedeModificarElNombreDeUnaCategoria" classname="com.ventalen.repository.CategoriaRepositoryTest" time="0.084">
    <system-out><![CDATA[Hibernate: insert into categoria (categoria) values (?)
]]></system-out>
  </testcase>
  <testcase name="test01_sePuedeCrearYGuardarUnaCategoria" classname="com.ventalen.repository.CategoriaRepositoryTest" time="0.065">
    <system-out><![CDATA[Hibernate: insert into categoria (categoria) values (?)
Hibernate: select count(*) from categoria c1_0
]]></system-out>
  </testcase>
  <testcase name="test02_sePuedeEliminarUnaCategoria" classname="com.ventalen.repository.CategoriaRepositoryTest" time="0.063">
    <system-out><![CDATA[Hibernate: insert into categoria (categoria) values (?)
Hibernate: select count(*) from categoria c1_0
Hibernate: delete from categoria where id=?
Hibernate: select count(*) from categoria c1_0
]]></system-out>
  </testcase>
</testsuite>